[VAL DEBUG] ref[0]: 'Summary: The pathology report describes the examination of a brain specimen from a patient with a left parietal tumour glioma. The report indicates that the tumour is a high grade '
[VAL DEBUG] hyp[0]: '[FEAT] mean=0.1993 std=1.6260'
[VAL DEBUG] ref[1]: 'The pathology report describes a biopsy of a 3.5 cm breast self-detected lesion that was diagnosed as infiltrating ductal carcinoma, NSABP histologic grade 2 of 3, moderately diffe'
[VAL DEBUG] hyp[1]: '[FEAT] mean=0.1689 std=1.6609'
[VAL DEBUG] ref[2]: 'Left breast has invasive breast carcinoma with mixed differentiation and a tumor. It is classified as pT2 (28 mm) pM0 (0/28) grade 1. There is also associated extensive lobular neo'
[VAL DEBUG] hyp[2]: '[FEAT] mean=0.3038 std=1.5535'
Epoch 01: train_loss=5.2106  val_loss=3.3593  val_ROUGE-L=0.0000  val_BLEU4=0.0000  val_BERTScoreF1_RAW=0.7846  val_BERTScoreF1_RESCALED=0.5448
[VAL DEBUG] ref[0]: 'Summary: The pathology report describes the examination of a brain specimen from a patient with a left parietal tumour glioma. The report indicates that the tumour is a high grade '
[VAL DEBUG] hyp[0]: 'The pathology report describes a tumor in the right upper lobe of the lung.'
[VAL DEBUG] ref[1]: 'The pathology report describes a biopsy of a 3.5 cm breast self-detected lesion that was diagnosed as infiltrating ductal carcinoma, NSABP histologic grade 2 of 3, moderately diffe'
[VAL DEBUG] hyp[1]: 'The pathology report describes a tumor in the right upper lobe of the liver, with a focus on the left lobe.'
[VAL DEBUG] ref[2]: 'Left breast has invasive breast carcinoma with mixed differentiation and a tumor. It is classified as pT2 (28 mm) pM0 (0/28) grade 1. There is also associated extensive lobular neo'
[VAL DEBUG] hyp[2]: 'The pathology report describes a tumor in the right upper lobe of the lung, with a focus on the left upper lobe.'
Epoch 02: train_loss=3.2368  val_loss=2.8793  val_ROUGE-L=0.1229  val_BLEU4=0.0037  val_BERTScoreF1_RAW=0.8412  val_BERTScoreF1_RESCALED=0.5923
[VAL DEBUG] ref[0]: 'Summary: The pathology report describes the examination of a brain specimen from a patient with a left parietal tumour glioma. The report indicates that the tumour is a high grade '
[VAL DEBUG] hyp[0]: 'The pathology report describes a tumor in the right upper lobe of the lung, which was diagnosed as papillary adenocarcinoma (pT2N0M0). The tissue was submitted for histopathologica'
[VAL DEBUG] ref[1]: 'The pathology report describes a biopsy of a 3.5 cm breast self-detected lesion that was diagnosed as infiltrating ductal carcinoma, NSABP histologic grade 2 of 3, moderately diffe'
[VAL DEBUG] hyp[1]: 'The pathology report describes a patient with a right upper quadrant mass in the right lower quadrant of the abdomen. The mass was found to be a moderately differentiated squamous '
[VAL DEBUG] ref[2]: 'Left breast has invasive breast carcinoma with mixed differentiation and a tumor. It is classified as pT2 (28 mm) pM0 (0/28) grade 1. There is also associated extensive lobular neo'
[VAL DEBUG] hyp[2]: 'The pathology report describes the pathology of the tumor in the right upper quadrant of a patient with a history of breast cancer. The report describes a case of invasive ductal c'
Epoch 03: train_loss=2.9704  val_loss=2.7565  val_ROUGE-L=0.1553  val_BLEU4=0.0207  val_BERTScoreF1_RAW=0.8455  val_BERTScoreF1_RESCALED=0.5208
[VAL DEBUG] ref[0]: 'Summary: The pathology report describes the examination of a brain specimen from a patient with a left parietal tumour glioma. The report indicates that the tumour is a high grade '
[VAL DEBUG] hyp[0]: 'The pathology report describes a tumor in the right upper lobe of the lung, which is a moderately differentiated adenocarcinoma with a total thickness of 2.5 x 2.0 x 1.0 cm. The tu'
[VAL DEBUG] ref[1]: 'The pathology report describes a biopsy of a 3.5 cm breast self-detected lesion that was diagnosed as infiltrating ductal carcinoma, NSABP histologic grade 2 of 3, moderately diffe'
[VAL DEBUG] hyp[1]: 'The pathology report describes a case of invasive squamous cell carcinoma of the thyroid gland, which was diagnosed in a patient with a history of breast cancer. The tumor was foun'
[VAL DEBUG] ref[2]: 'Left breast has invasive breast carcinoma with mixed differentiation and a tumor. It is classified as pT2 (28 mm) pM0 (0/28) grade 1. There is also associated extensive lobular neo'
[VAL DEBUG] hyp[2]: 'The pathology report describes a tumor in the right upper lobe of the lung, which is a moderately differentiated adenocarcinoma with a nuclear grade of 2.0. The tumour is located o'
Epoch 04: train_loss=2.8519  val_loss=2.6780  val_ROUGE-L=0.1577  val_BLEU4=0.0187  val_BERTScoreF1_RAW=0.8443  val_BERTScoreF1_RESCALED=0.5697
[VAL DEBUG] ref[0]: 'Summary: The pathology report describes the examination of a brain specimen from a patient with a left parietal tumour glioma. The report indicates that the tumour is a high grade '
[VAL DEBUG] hyp[0]: 'The pathology report describes a case of invasive squamous cell carcinoma of the thyroid, which was diagnosed in a patient with a history of breast cancer. The tumor was found to b'
[VAL DEBUG] ref[1]: 'The pathology report describes a biopsy of a 3.5 cm breast self-detected lesion that was diagnosed as infiltrating ductal carcinoma, NSABP histologic grade 2 of 3, moderately diffe'
[VAL DEBUG] hyp[1]: 'The pathology report describes a case of invasive ductal adenocarcinoma of the pancreas, which was diagnosed in a patient with a history of pancreatitis. The tumor was located in t'
[VAL DEBUG] ref[2]: 'Left breast has invasive breast carcinoma with mixed differentiation and a tumor. It is classified as pT2 (28 mm) pM0 (0/28) grade 1. There is also associated extensive lobular neo'
[VAL DEBUG] hyp[2]: 'The pathology report describes a case of invasive ductal adenocarcinoma of the pancreas, which was diagnosed in a patient with a history of pancreatitis. The tumor was located in t'
Epoch 05: train_loss=2.7601  val_loss=2.6249  val_ROUGE-L=0.1663  val_BLEU4=0.0264  val_BERTScoreF1_RAW=0.8455  val_BERTScoreF1_RESCALED=0.5682
[VAL DEBUG] ref[0]: 'Summary: The pathology report describes the examination of a brain specimen from a patient with a left parietal tumour glioma. The report indicates that the tumour is a high grade '
[VAL DEBUG] hyp[0]: 'The pathology report describes a case of invasive squamous cell carcinoma of the cervix, which was diagnosed in a patient with a history of cervical cancer. The tumor was found to '
[VAL DEBUG] ref[1]: 'The pathology report describes a biopsy of a 3.5 cm breast self-detected lesion that was diagnosed as infiltrating ductal carcinoma, NSABP histologic grade 2 of 3, moderately diffe'
[VAL DEBUG] hyp[1]: 'The pathology report describes a case of invasive squamous cell carcinoma in the right upper lobe of the lung. The tumor is classified as pT2aN0M0, with a maximum diameter of 2.5 c'
[VAL DEBUG] ref[2]: 'Left breast has invasive breast carcinoma with mixed differentiation and a tumor. It is classified as pT2 (28 mm) pM0 (0/28) grade 1. There is also associated extensive lobular neo'
[VAL DEBUG] hyp[2]: 'The pathology report describes a case of invasive squamous cell carcinoma of the cervix, which was diagnosed in the right upper quadrant. The tumor was found in two lymph nodes, on'
Epoch 06: train_loss=2.7087  val_loss=2.5961  val_ROUGE-L=0.1559  val_BLEU4=0.0230  val_BERTScoreF1_RAW=0.8492  val_BERTScoreF1_RESCALED=0.5122
[VAL DEBUG] ref[0]: 'Summary: The pathology report describes the examination of a brain specimen from a patient with a left parietal tumour glioma. The report indicates that the tumour is a high grade '
[VAL DEBUG] hyp[0]: 'The pathology report describes a case of invasive ductal adenocarcinoma of the breast, which was diagnosed in a patient with a history of breast cancer. The tumor was found to be i'
[VAL DEBUG] ref[1]: 'The pathology report describes a biopsy of a 3.5 cm breast self-detected lesion that was diagnosed as infiltrating ductal carcinoma, NSABP histologic grade 2 of 3, moderately diffe'
[VAL DEBUG] hyp[1]: 'The pathology report describes a case of invasive ductal adenocarcinoma of the breast, which was diagnosed in a patient with a history of breast cancer. The tumor was found to be i'
[VAL DEBUG] ref[2]: 'Left breast has invasive breast carcinoma with mixed differentiation and a tumor. It is classified as pT2 (28 mm) pM0 (0/28) grade 1. There is also associated extensive lobular neo'
[VAL DEBUG] hyp[2]: 'The pathology report describes a case of invasive ductal adenocarcinoma of the breast, which was diagnosed in a patient with a history of breast cancer. The tumor was found to be i'
Epoch 07: train_loss=2.6704  val_loss=2.5731  val_ROUGE-L=0.1601  val_BLEU4=0.0255  val_BERTScoreF1_RAW=0.8445  val_BERTScoreF1_RESCALED=0.5873
[VAL DEBUG] ref[0]: 'Summary: The pathology report describes the examination of a brain specimen from a patient with a left parietal tumour glioma. The report indicates that the tumour is a high grade '
[VAL DEBUG] hyp[0]: 'The pathology report describes a case of invasive ductal adenocarcinoma of the breast, which was diagnosed in a patient with a history of breast cancer. The tumor was located in th'
[VAL DEBUG] ref[1]: 'The pathology report describes a biopsy of a 3.5 cm breast self-detected lesion that was diagnosed as infiltrating ductal carcinoma, NSABP histologic grade 2 of 3, moderately diffe'
[VAL DEBUG] hyp[1]: 'The pathology report describes a case of invasive ductal adenocarcinoma of the breast, which was diagnosed in a patient with a history of breast cancer. The tumor was located in th'
[VAL DEBUG] ref[2]: 'Left breast has invasive breast carcinoma with mixed differentiation and a tumor. It is classified as pT2 (28 mm) pM0 (0/28) grade 1. There is also associated extensive lobular neo'
[VAL DEBUG] hyp[2]: 'The pathology report describes a case of invasive ductal adenocarcinoma of the breast, which was diagnosed in a patient with a history of breast cancer. The tumor was located in th'
Epoch 08: train_loss=2.6417  val_loss=2.5626  val_ROUGE-L=0.1680  val_BLEU4=0.0277  val_BERTScoreF1_RAW=0.8486  val_BERTScoreF1_RESCALED=0.5878
[VAL DEBUG] ref[0]: 'Summary: The pathology report describes the examination of a brain specimen from a patient with a left parietal tumour glioma. The report indicates that the tumour is a high grade '
[VAL DEBUG] hyp[0]: 'The pathology report describes a case of invasive ductal adenocarcinoma of the breast, which was diagnosed in a patient with a history of breast cancer. The tumor was located in th'
[VAL DEBUG] ref[1]: 'The pathology report describes a biopsy of a 3.5 cm breast self-detected lesion that was diagnosed as infiltrating ductal carcinoma, NSABP histologic grade 2 of 3, moderately diffe'
[VAL DEBUG] hyp[1]: 'The pathology report describes a case of invasive ductal adenocarcinoma of the pancreas, which was diagnosed in a patient with a history of pancreatitis. The tumor was located in t'
[VAL DEBUG] ref[2]: 'Left breast has invasive breast carcinoma with mixed differentiation and a tumor. It is classified as pT2 (28 mm) pM0 (0/28) grade 1. There is also associated extensive lobular neo'
[VAL DEBUG] hyp[2]: 'The pathology report describes a case of invasive ductal adenocarcinoma of the pancreas, which was found in the pancreatic head. The tumor was found to be moderately differentiated'
Epoch 09: train_loss=2.6255  val_loss=2.5544  val_ROUGE-L=0.1618  val_BLEU4=0.0308  val_BERTScoreF1_RAW=0.8452  val_BERTScoreF1_RESCALED=0.6299
[VAL DEBUG] ref[0]: 'Summary: The pathology report describes the examination of a brain specimen from a patient with a left parietal tumour glioma. The report indicates that the tumour is a high grade '
[VAL DEBUG] hyp[0]: 'The pathology report describes a case of poorly differentiated adenocarcinoma of the pancreas, which was diagnosed in a patient with a history of pancreatitis. The tumor was locate'
[VAL DEBUG] ref[1]: 'The pathology report describes a biopsy of a 3.5 cm breast self-detected lesion that was diagnosed as infiltrating ductal carcinoma, NSABP histologic grade 2 of 3, moderately diffe'
[VAL DEBUG] hyp[1]: 'The pathology report describes a case of invasive ductal adenocarcinoma of the pancreas, which was diagnosed in a patient with a history of pancreatitis. The tumor was located in t'
[VAL DEBUG] ref[2]: 'Left breast has invasive breast carcinoma with mixed differentiation and a tumor. It is classified as pT2 (28 mm) pM0 (0/28) grade 1. There is also associated extensive lobular neo'
[VAL DEBUG] hyp[2]: 'The pathology report describes a case of invasive ductal adenocarcinoma of the pancreas, which was diagnosed in a patient with a history of pancreatitis. The tumor was found to be '
Epoch 10: train_loss=2.6257  val_loss=2.5513  val_ROUGE-L=0.1607  val_BLEU4=0.0275  val_BERTScoreF1_RAW=0.8434  val_BERTScoreF1_RESCALED=0.6316
